[INFO]-[2022/01/01 09:52:35] Cloning: 1641030755052's clone job's data is not in database, generating data
[INFO]-[2022/01/01 09:52:35] DB Copy: Creating table wpstg0_actionscheduler_actions
[INFO]-[2022/01/01 09:52:35] DB Copy: Table wp_actionscheduler_actions contains 71 rows 
[INFO]-[2022/01/01 09:52:35] DB Copy: Copy data from wp_actionscheduler_actions to wpstg0_actionscheduler_actions - 0 to 10000 records
[INFO]-[2022/01/01 09:52:35] DB Copy: Creating table wpstg0_actionscheduler_claims
[INFO]-[2022/01/01 09:52:35] DB Copy: Table wp_actionscheduler_claims contains 0 rows 
[INFO]-[2022/01/01 09:52:35] DB Copy: Creating table wpstg0_actionscheduler_groups
[INFO]-[2022/01/01 09:52:35] DB Copy: Table wp_actionscheduler_groups contains 4 rows 
[INFO]-[2022/01/01 09:52:35] DB Copy: Copy data from wp_actionscheduler_groups to wpstg0_actionscheduler_groups - 0 to 10000 records
[INFO]-[2022/01/01 09:52:35] DB Copy: Creating table wpstg0_actionscheduler_logs
[INFO]-[2022/01/01 09:52:35] DB Copy: Table wp_actionscheduler_logs contains 205 rows 
[INFO]-[2022/01/01 09:52:35] DB Copy: Copy data from wp_actionscheduler_logs to wpstg0_actionscheduler_logs - 0 to 10000 records
[INFO]-[2022/01/01 09:52:35] DB Copy: Creating table wpstg0_commentmeta
[INFO]-[2022/01/01 09:52:35] DB Copy: Table wp_commentmeta contains 0 rows 
[INFO]-[2022/01/01 09:52:35] DB Copy: Creating table wpstg0_comments
[INFO]-[2022/01/01 09:52:35] DB Copy: Table wp_comments contains 1 rows 
[INFO]-[2022/01/01 09:52:35] DB Copy: Copy data from wp_comments to wpstg0_comments - 0 to 10000 records
[INFO]-[2022/01/01 09:52:35] DB Copy: Creating table wpstg0_links
[INFO]-[2022/01/01 09:52:35] DB Copy: Table wp_links contains 0 rows 
[INFO]-[2022/01/01 09:52:35] DB Copy: Creating table wpstg0_options
[INFO]-[2022/01/01 09:52:35] DB Copy: Table wp_options contains 839 rows 
[INFO]-[2022/01/01 09:52:35] DB Copy: Copy data from wp_options to wpstg0_options - 0 to 10000 records
[INFO]-[2022/01/01 09:52:35] DB Copy: Creating table wpstg0_postmeta
[INFO]-[2022/01/01 09:52:35] DB Copy: Table wp_postmeta contains 1583 rows 
[INFO]-[2022/01/01 09:52:35] DB Copy: Copy data from wp_postmeta to wpstg0_postmeta - 0 to 10000 records
[INFO]-[2022/01/01 09:52:35] DB Copy: Creating table wpstg0_posts
[INFO]-[2022/01/01 09:52:36] DB Copy: Table wp_posts contains 164 rows 
[INFO]-[2022/01/01 09:52:36] DB Copy: Copy data from wp_posts to wpstg0_posts - 0 to 10000 records
[INFO]-[2022/01/01 09:52:36] DB Copy: Creating table wpstg0_term_relationships
[INFO]-[2022/01/01 09:52:36] DB Copy: Table wp_term_relationships contains 77 rows 
[INFO]-[2022/01/01 09:52:36] DB Copy: Copy data from wp_term_relationships to wpstg0_term_relationships - 0 to 10000 records
[INFO]-[2022/01/01 09:52:36] DB Copy: Creating table wpstg0_term_taxonomy
[INFO]-[2022/01/01 09:52:36] DB Copy: Table wp_term_taxonomy contains 43 rows 
[INFO]-[2022/01/01 09:52:36] DB Copy: Copy data from wp_term_taxonomy to wpstg0_term_taxonomy - 0 to 10000 records
[INFO]-[2022/01/01 09:52:36] DB Copy: Creating table wpstg0_termmeta
[INFO]-[2022/01/01 09:52:36] DB Copy: Table wp_termmeta contains 60 rows 
[INFO]-[2022/01/01 09:52:36] DB Copy: Copy data from wp_termmeta to wpstg0_termmeta - 0 to 10000 records
[INFO]-[2022/01/01 09:52:36] DB Copy: Creating table wpstg0_terms
[INFO]-[2022/01/01 09:52:36] DB Copy: Table wp_terms contains 43 rows 
[INFO]-[2022/01/01 09:52:36] DB Copy: Copy data from wp_terms to wpstg0_terms - 0 to 10000 records
[INFO]-[2022/01/01 09:52:36] DB Copy: Creating table wpstg0_usermeta
[INFO]-[2022/01/01 09:52:36] DB Copy: Table wp_usermeta contains 105 rows 
[INFO]-[2022/01/01 09:52:36] DB Copy: Copy data from wp_usermeta to wpstg0_usermeta - 0 to 10000 records
[INFO]-[2022/01/01 09:52:36] DB Copy: Creating table wpstg0_users
[INFO]-[2022/01/01 09:52:36] DB Copy: Table wp_users contains 5 rows 
[INFO]-[2022/01/01 09:52:36] DB Copy: Copy data from wp_users to wpstg0_users - 0 to 10000 records
[INFO]-[2022/01/01 09:52:36] DB Copy: Creating table wpstg0_wc_admin_note_actions
[INFO]-[2022/01/01 09:52:36] DB Copy: Table wp_wc_admin_note_actions contains 41 rows 
[INFO]-[2022/01/01 09:52:36] DB Copy: Copy data from wp_wc_admin_note_actions to wpstg0_wc_admin_note_actions - 0 to 10000 records
[INFO]-[2022/01/01 09:52:36] DB Copy: Creating table wpstg0_wc_admin_notes
[INFO]-[2022/01/01 09:52:36] DB Copy: Table wp_wc_admin_notes contains 38 rows 
[INFO]-[2022/01/01 09:52:36] DB Copy: Copy data from wp_wc_admin_notes to wpstg0_wc_admin_notes - 0 to 10000 records
[INFO]-[2022/01/01 09:52:36] DB Copy: Creating table wpstg0_wc_category_lookup
[INFO]-[2022/01/01 09:52:36] DB Copy: Table wp_wc_category_lookup contains 19 rows 
[INFO]-[2022/01/01 09:52:36] DB Copy: Copy data from wp_wc_category_lookup to wpstg0_wc_category_lookup - 0 to 10000 records
[INFO]-[2022/01/01 09:52:36] DB Copy: Creating table wpstg0_wc_customer_lookup
[INFO]-[2022/01/01 09:52:36] DB Copy: Table wp_wc_customer_lookup contains 0 rows 
[INFO]-[2022/01/01 09:52:36] DB Copy: Creating table wpstg0_wc_download_log
[INFO]-[2022/01/01 09:52:36] DB Copy: Table wp_wc_download_log contains 0 rows 
[INFO]-[2022/01/01 09:52:36] DB Copy: Creating table wpstg0_wc_order_coupon_lookup
[INFO]-[2022/01/01 09:52:36] DB Copy: Table wp_wc_order_coupon_lookup contains 0 rows 
[INFO]-[2022/01/01 09:52:36] DB Copy: Creating table wpstg0_wc_order_product_lookup
[INFO]-[2022/01/01 09:52:36] DB Copy: Table wp_wc_order_product_lookup contains 0 rows 
[INFO]-[2022/01/01 09:52:36] DB Copy: Creating table wpstg0_wc_order_stats
[INFO]-[2022/01/01 09:52:36] DB Copy: Table wp_wc_order_stats contains 0 rows 
[INFO]-[2022/01/01 09:52:37] DB Copy: Creating table wpstg0_wc_order_tax_lookup
[INFO]-[2022/01/01 09:52:37] DB Copy: Table wp_wc_order_tax_lookup contains 0 rows 
[INFO]-[2022/01/01 09:52:37] DB Copy: Creating table wpstg0_wc_product_meta_lookup
[INFO]-[2022/01/01 09:52:37] DB Copy: Table wp_wc_product_meta_lookup contains 14 rows 
[INFO]-[2022/01/01 09:52:37] DB Copy: Copy data from wp_wc_product_meta_lookup to wpstg0_wc_product_meta_lookup - 0 to 10000 records
[INFO]-[2022/01/01 09:52:37] DB Copy: Creating table wpstg0_wc_rate_limits
[INFO]-[2022/01/01 09:52:37] DB Copy: Table wp_wc_rate_limits contains 0 rows 
[INFO]-[2022/01/01 09:52:37] DB Copy: Creating table wpstg0_wc_reserved_stock
[INFO]-[2022/01/01 09:52:37] DB Copy: Table wp_wc_reserved_stock contains 0 rows 
[INFO]-[2022/01/01 09:52:37] DB Copy: Creating table wpstg0_wc_tax_rate_classes
[INFO]-[2022/01/01 09:52:37] DB Copy: Table wp_wc_tax_rate_classes contains 2 rows 
[INFO]-[2022/01/01 09:52:37] DB Copy: Copy data from wp_wc_tax_rate_classes to wpstg0_wc_tax_rate_classes - 0 to 10000 records
[INFO]-[2022/01/01 09:52:37] DB Copy: Creating table wpstg0_wc_webhooks
[INFO]-[2022/01/01 09:52:37] DB Copy: Table wp_wc_webhooks contains 0 rows 
[INFO]-[2022/01/01 09:52:37] DB Copy: Creating table wpstg0_woocommerce_api_keys
[INFO]-[2022/01/01 09:52:37] DB Copy: Table wp_woocommerce_api_keys contains 0 rows 
[INFO]-[2022/01/01 09:52:37] DB Copy: Creating table wpstg0_woocommerce_attribute_taxonomies
[INFO]-[2022/01/01 09:52:37] DB Copy: Table wp_woocommerce_attribute_taxonomies contains 0 rows 
[INFO]-[2022/01/01 09:52:37] DB Copy: Creating table wpstg0_woocommerce_downloadable_product_permissions
[INFO]-[2022/01/01 09:52:37] DB Copy: Table wp_woocommerce_downloadable_product_permissions contains 0 rows 
[INFO]-[2022/01/01 09:52:37] DB Copy: Creating table wpstg0_woocommerce_log
[INFO]-[2022/01/01 09:52:37] DB Copy: Table wp_woocommerce_log contains 0 rows 
[INFO]-[2022/01/01 09:52:37] DB Copy: Creating table wpstg0_woocommerce_order_itemmeta
[INFO]-[2022/01/01 09:52:37] DB Copy: Table wp_woocommerce_order_itemmeta contains 0 rows 
[INFO]-[2022/01/01 09:52:37] DB Copy: Creating table wpstg0_woocommerce_order_items
[INFO]-[2022/01/01 09:52:37] DB Copy: Table wp_woocommerce_order_items contains 0 rows 
[INFO]-[2022/01/01 09:52:37] DB Copy: Creating table wpstg0_woocommerce_payment_tokenmeta
[INFO]-[2022/01/01 09:52:37] DB Copy: Table wp_woocommerce_payment_tokenmeta contains 0 rows 
[INFO]-[2022/01/01 09:52:37] DB Copy: Creating table wpstg0_woocommerce_payment_tokens
[INFO]-[2022/01/01 09:52:37] DB Copy: Table wp_woocommerce_payment_tokens contains 0 rows 
[INFO]-[2022/01/01 09:52:37] DB Copy: Creating table wpstg0_woocommerce_sessions
[INFO]-[2022/01/01 09:52:37] DB Copy: Table wp_woocommerce_sessions contains 2 rows 
[INFO]-[2022/01/01 09:52:37] DB Copy: Copy data from wp_woocommerce_sessions to wpstg0_woocommerce_sessions - 0 to 10000 records
[INFO]-[2022/01/01 09:52:37] DB Copy: Creating table wpstg0_woocommerce_shipping_zone_locations
[INFO]-[2022/01/01 09:52:37] DB Copy: Table wp_woocommerce_shipping_zone_locations contains 0 rows 
[INFO]-[2022/01/01 09:52:38] DB Copy: Creating table wpstg0_woocommerce_shipping_zone_methods
[INFO]-[2022/01/01 09:52:38] DB Copy: Table wp_woocommerce_shipping_zone_methods contains 0 rows 
[INFO]-[2022/01/01 09:52:38] DB Copy: Creating table wpstg0_woocommerce_shipping_zones
[INFO]-[2022/01/01 09:52:38] DB Copy: Table wp_woocommerce_shipping_zones contains 0 rows 
[INFO]-[2022/01/01 09:52:38] DB Copy: Creating table wpstg0_woocommerce_tax_rate_locations
[INFO]-[2022/01/01 09:52:38] DB Copy: Table wp_woocommerce_tax_rate_locations contains 0 rows 
[INFO]-[2022/01/01 09:52:38] DB Copy: Creating table wpstg0_woocommerce_tax_rates
[INFO]-[2022/01/01 09:52:38] DB Copy: Table wp_woocommerce_tax_rates contains 0 rows 
[INFO]-[2022/01/01 09:52:38] DB Copy: Creating table wpstg0_wpforms_tasks_meta
[INFO]-[2022/01/01 09:52:38] DB Copy: Table wp_wpforms_tasks_meta contains 8 rows 
[INFO]-[2022/01/01 09:52:38] DB Copy: Copy data from wp_wpforms_tasks_meta to wpstg0_wpforms_tasks_meta - 0 to 10000 records
[INFO]-[2022/01/01 09:52:38] DB Search & Replace:  Table wpstg0_actionscheduler_actions 0 to 20000 records
[INFO]-[2022/01/01 09:52:38] DB Search & Replace:  Table wpstg0_actionscheduler_groups 0 to 20000 records
[INFO]-[2022/01/01 09:52:38] DB Search & Replace:  Table wpstg0_actionscheduler_logs 0 to 20000 records
[INFO]-[2022/01/01 09:52:38] DB Search & Replace:  Table wpstg0_comments 0 to 20000 records
[INFO]-[2022/01/01 09:52:38] DB Search & Replace:  Table wpstg0_options 0 to 20000 records
[INFO]-[2022/01/01 09:52:40] DB Search & Replace:  Table wpstg0_postmeta 0 to 20000 records
[INFO]-[2022/01/01 09:52:40] DB Search & Replace:  Table wpstg0_posts 0 to 20000 records
[INFO]-[2022/01/01 09:52:40] DB Search & Replace:  Table wpstg0_term_relationships 0 to 20000 records
[INFO]-[2022/01/01 09:52:40] DB Search & Replace:  Table wpstg0_term_taxonomy 0 to 20000 records
[INFO]-[2022/01/01 09:52:40] DB Search & Replace:  Table wpstg0_termmeta 0 to 20000 records
[INFO]-[2022/01/01 09:52:40] DB Search & Replace:  Table wpstg0_terms 0 to 20000 records
[INFO]-[2022/01/01 09:52:40] DB Search & Replace:  Table wpstg0_usermeta 0 to 20000 records
[INFO]-[2022/01/01 09:52:41] DB Search & Replace:  Table wpstg0_users 0 to 20000 records
[INFO]-[2022/01/01 09:52:41] DB Search & Replace:  Table wpstg0_wc_admin_note_actions 0 to 20000 records
[INFO]-[2022/01/01 09:52:41] DB Search & Replace:  Table wpstg0_wc_admin_notes 0 to 20000 records
[INFO]-[2022/01/01 09:52:41] DB Search & Replace:  Table wpstg0_wc_category_lookup 0 to 20000 records
[INFO]-[2022/01/01 09:52:41] DB Search & Replace:  Table wpstg0_wc_product_meta_lookup 0 to 20000 records
[INFO]-[2022/01/01 09:52:41] DB Search & Replace:  Table wpstg0_wc_tax_rate_classes 0 to 20000 records
[INFO]-[2022/01/01 09:52:42] DB Search & Replace:  Table wpstg0_woocommerce_sessions 0 to 20000 records
[INFO]-[2022/01/01 09:52:42] DB Search & Replace:  Table wpstg0_wpforms_tasks_meta 0 to 20000 records
[INFO]-[2022/01/01 09:52:42] Scanning / for its files
[INFO]-[2022/01/01 09:52:42] Scanning wp-content/plugins and its sub-directories and files
[INFO]-[2022/01/01 09:52:43] Scanning wp-content/mu-plugins and its sub-directories and files
[INFO]-[2022/01/01 09:52:43] Scanning wp-content/themes and its sub-directories and files
[INFO]-[2022/01/01 09:52:43] Scanning wp-content/uploads/ and its sub-directories and files
[INFO]-[2022/01/01 09:52:43] Scanning wp-content for other directories
[INFO]-[2022/01/01 09:52:43] Scanning wp-includes for its sub-directories and files
[INFO]-[2022/01/01 09:52:44] Scanning wp-admin for its sub-directories and files
[INFO]-[2022/01/01 09:52:44] Scanning .idea for its sub-directories and files
[INFO]-[2022/01/01 09:52:44] Copying files...
[INFO]-[2022/01/01 09:52:44] Total 50 files processed
[INFO]-[2022/01/01 09:52:44] Total 100 files processed
[INFO]-[2022/01/01 09:52:44] Total 150 files processed
[INFO]-[2022/01/01 09:52:44] Total 200 files processed
[INFO]-[2022/01/01 09:52:44] Total 250 files processed
[INFO]-[2022/01/01 09:52:44] Total 300 files processed
[INFO]-[2022/01/01 09:52:45] Total 350 files processed
[INFO]-[2022/01/01 09:52:45] Total 400 files processed
[INFO]-[2022/01/01 09:52:45] Total 450 files processed
[INFO]-[2022/01/01 09:52:45] Total 500 files processed
[INFO]-[2022/01/01 09:52:45] Total 550 files processed
[INFO]-[2022/01/01 09:52:45] Total 600 files processed
[INFO]-[2022/01/01 09:52:45] Total 650 files processed
[INFO]-[2022/01/01 09:52:45] Total 700 files processed
[INFO]-[2022/01/01 09:52:46] Total 750 files processed
[INFO]-[2022/01/01 09:52:46] Total 800 files processed
[INFO]-[2022/01/01 09:52:46] Total 850 files processed
[INFO]-[2022/01/01 09:52:46] Total 900 files processed
[INFO]-[2022/01/01 09:52:46] Total 950 files processed
[INFO]-[2022/01/01 09:52:46] Total 1000 files processed
[INFO]-[2022/01/01 09:52:46] Total 1050 files processed
[INFO]-[2022/01/01 09:52:46] Total 1100 files processed
[INFO]-[2022/01/01 09:52:47] Total 1150 files processed
[INFO]-[2022/01/01 09:52:47] Total 1200 files processed
[INFO]-[2022/01/01 09:52:47] Total 1250 files processed
[INFO]-[2022/01/01 09:52:47] Total 1300 files processed
[INFO]-[2022/01/01 09:52:47] Total 1350 files processed
[INFO]-[2022/01/01 09:52:47] Total 1400 files processed
[INFO]-[2022/01/01 09:52:47] Total 1450 files processed
[INFO]-[2022/01/01 09:52:47] Total 1500 files processed
[INFO]-[2022/01/01 09:52:48] Total 1550 files processed
[INFO]-[2022/01/01 09:52:48] Total 1600 files processed
[INFO]-[2022/01/01 09:52:48] Total 1650 files processed
[INFO]-[2022/01/01 09:52:48] Total 1700 files processed
[INFO]-[2022/01/01 09:52:48] Total 1750 files processed
[INFO]-[2022/01/01 09:52:48] Total 1800 files processed
[INFO]-[2022/01/01 09:52:48] Total 1850 files processed
[INFO]-[2022/01/01 09:52:48] Total 1900 files processed
[INFO]-[2022/01/01 09:52:49] Total 1950 files processed
[INFO]-[2022/01/01 09:52:49] Total 2000 files processed
[INFO]-[2022/01/01 09:52:49] Total 2050 files processed
[INFO]-[2022/01/01 09:52:49] Total 2100 files processed
[INFO]-[2022/01/01 09:52:49] Total 2150 files processed
[INFO]-[2022/01/01 09:52:49] Total 2200 files processed
[INFO]-[2022/01/01 09:52:49] Total 2250 files processed
[INFO]-[2022/01/01 09:52:49] Total 2300 files processed
[INFO]-[2022/01/01 09:52:50] Total 2350 files processed
[INFO]-[2022/01/01 09:52:50] Total 2400 files processed
[INFO]-[2022/01/01 09:52:50] Total 2450 files processed
[INFO]-[2022/01/01 09:52:50] Total 2500 files processed
[INFO]-[2022/01/01 09:52:50] Total 2550 files processed
[INFO]-[2022/01/01 09:52:50] Total 2600 files processed
[INFO]-[2022/01/01 09:52:51] Total 2650 files processed
[INFO]-[2022/01/01 09:52:51] Total 2700 files processed
[INFO]-[2022/01/01 09:52:51] Total 2750 files processed
[INFO]-[2022/01/01 09:52:51] Total 2800 files processed
[INFO]-[2022/01/01 09:52:51] Total 2850 files processed
[INFO]-[2022/01/01 09:52:51] Total 2900 files processed
[INFO]-[2022/01/01 09:52:51] Total 2950 files processed
[INFO]-[2022/01/01 09:52:51] Total 3000 files processed
[INFO]-[2022/01/01 09:52:52] Total 3050 files processed
[INFO]-[2022/01/01 09:52:52] Total 3100 files processed
[INFO]-[2022/01/01 09:52:52] Total 3150 files processed
[INFO]-[2022/01/01 09:52:52] Total 3200 files processed
[INFO]-[2022/01/01 09:52:52] Total 3250 files processed
[INFO]-[2022/01/01 09:52:52] Total 3300 files processed
[INFO]-[2022/01/01 09:52:52] Total 3350 files processed
[INFO]-[2022/01/01 09:52:53] Total 3400 files processed
[INFO]-[2022/01/01 09:52:53] Total 3450 files processed
[INFO]-[2022/01/01 09:52:53] Total 3500 files processed
[INFO]-[2022/01/01 09:52:53] Total 3550 files processed
[INFO]-[2022/01/01 09:52:53] Total 3600 files processed
[INFO]-[2022/01/01 09:52:53] Total 3650 files processed
[INFO]-[2022/01/01 09:52:53] Total 3700 files processed
[INFO]-[2022/01/01 09:52:53] Total 3750 files processed
[INFO]-[2022/01/01 09:52:54] Total 3800 files processed
[INFO]-[2022/01/01 09:52:54] Total 3850 files processed
[INFO]-[2022/01/01 09:52:54] Total 3900 files processed
[INFO]-[2022/01/01 09:52:54] Total 3950 files processed
[INFO]-[2022/01/01 09:52:54] Total 4000 files processed
[INFO]-[2022/01/01 09:52:54] Total 4050 files processed
[INFO]-[2022/01/01 09:52:54] Total 4100 files processed
[INFO]-[2022/01/01 09:52:54] Total 4150 files processed
[INFO]-[2022/01/01 09:52:55] Total 4200 files processed
[INFO]-[2022/01/01 09:52:55] Total 4250 files processed
[INFO]-[2022/01/01 09:52:55] Total 4300 files processed
[INFO]-[2022/01/01 09:52:55] Total 4350 files processed
[INFO]-[2022/01/01 09:52:55] Total 4400 files processed
[INFO]-[2022/01/01 09:52:55] Total 4450 files processed
[INFO]-[2022/01/01 09:52:55] Total 4500 files processed
[INFO]-[2022/01/01 09:52:56] Total 4550 files processed
[INFO]-[2022/01/01 09:52:56] Total 4600 files processed
[INFO]-[2022/01/01 09:52:56] Total 4650 files processed
[INFO]-[2022/01/01 09:52:56] Total 4700 files processed
[INFO]-[2022/01/01 09:52:56] Total 4750 files processed
[INFO]-[2022/01/01 09:52:56] Total 4800 files processed
[INFO]-[2022/01/01 09:52:56] Total 4850 files processed
[INFO]-[2022/01/01 09:52:57] Total 4900 files processed
[INFO]-[2022/01/01 09:52:57] Total 4950 files processed
[INFO]-[2022/01/01 09:52:57] Total 5000 files processed
[INFO]-[2022/01/01 09:52:57] Total 5050 files processed
[INFO]-[2022/01/01 09:52:57] Total 5100 files processed
[INFO]-[2022/01/01 09:52:57] Total 5150 files processed
[INFO]-[2022/01/01 09:52:57] Total 5200 files processed
[INFO]-[2022/01/01 09:52:57] Total 5250 files processed
[INFO]-[2022/01/01 09:52:58] Total 5300 files processed
[INFO]-[2022/01/01 09:52:58] Total 5350 files processed
[INFO]-[2022/01/01 09:52:58] Total 5400 files processed
[INFO]-[2022/01/01 09:52:58] Total 5450 files processed
[INFO]-[2022/01/01 09:52:58] Total 5500 files processed
[INFO]-[2022/01/01 09:52:58] Total 5550 files processed
[INFO]-[2022/01/01 09:52:59] Total 5600 files processed
[INFO]-[2022/01/01 09:52:59] Total 5650 files processed
[INFO]-[2022/01/01 09:52:59] Total 5700 files processed
[INFO]-[2022/01/01 09:52:59] Total 5750 files processed
[INFO]-[2022/01/01 09:52:59] Total 5800 files processed
[INFO]-[2022/01/01 09:52:59] Total 5850 files processed
[INFO]-[2022/01/01 09:52:59] Total 5900 files processed
[INFO]-[2022/01/01 09:53:00] Total 5950 files processed
[INFO]-[2022/01/01 09:53:00] Total 6000 files processed
[INFO]-[2022/01/01 09:53:00] Total 6050 files processed
[INFO]-[2022/01/01 09:53:00] Total 6100 files processed
[INFO]-[2022/01/01 09:53:00] Total 6150 files processed
[INFO]-[2022/01/01 09:53:00] Total 6200 files processed
[INFO]-[2022/01/01 09:53:00] Total 6250 files processed
[INFO]-[2022/01/01 09:53:01] Total 6300 files processed
[INFO]-[2022/01/01 09:53:01] Total 6350 files processed
[INFO]-[2022/01/01 09:53:01] Total 6400 files processed
[INFO]-[2022/01/01 09:53:01] Total 6450 files processed
[INFO]-[2022/01/01 09:53:01] Total 6500 files processed
[INFO]-[2022/01/01 09:53:01] Total 6550 files processed
[INFO]-[2022/01/01 09:53:01] Total 6600 files processed
[INFO]-[2022/01/01 09:53:02] Total 6650 files processed
[INFO]-[2022/01/01 09:53:02] Total 6700 files processed
[INFO]-[2022/01/01 09:53:02] Total 6750 files processed
[INFO]-[2022/01/01 09:53:02] Total 6800 files processed
[INFO]-[2022/01/01 09:53:02] Total 6850 files processed
[INFO]-[2022/01/01 09:53:02] Total 6900 files processed
[INFO]-[2022/01/01 09:53:02] Total 6950 files processed
[INFO]-[2022/01/01 09:53:02] Total 7000 files processed
[INFO]-[2022/01/01 09:53:03] Total 7050 files processed
[INFO]-[2022/01/01 09:53:03] Total 7100 files processed
[INFO]-[2022/01/01 09:53:03] Total 7150 files processed
[INFO]-[2022/01/01 09:53:03] Total 7200 files processed
[INFO]-[2022/01/01 09:53:03] Total 7250 files processed
[INFO]-[2022/01/01 09:53:03] Total 7300 files processed
[INFO]-[2022/01/01 09:53:03] Total 7350 files processed
[INFO]-[2022/01/01 09:53:04] Total 7400 files processed
[INFO]-[2022/01/01 09:53:04] Total 7450 files processed
[INFO]-[2022/01/01 09:53:04] Total 7500 files processed
[INFO]-[2022/01/01 09:53:04] Total 7550 files processed
[INFO]-[2022/01/01 09:53:04] Total 7600 files processed
[INFO]-[2022/01/01 09:53:04] Total 7650 files processed
[INFO]-[2022/01/01 09:53:04] Total 7700 files processed
[INFO]-[2022/01/01 09:53:05] Total 7750 files processed
[INFO]-[2022/01/01 09:53:05] Total 7800 files processed
[INFO]-[2022/01/01 09:53:05] Total 7850 files processed
[INFO]-[2022/01/01 09:53:05] Total 7900 files processed
[INFO]-[2022/01/01 09:53:05] Total 7950 files processed
[INFO]-[2022/01/01 09:53:05] Total 8000 files processed
[INFO]-[2022/01/01 09:53:05] Total 8050 files processed
[INFO]-[2022/01/01 09:53:05] Total 8100 files processed
[INFO]-[2022/01/01 09:53:05] Total 8150 files processed
[INFO]-[2022/01/01 09:53:06] Total 8200 files processed
[INFO]-[2022/01/01 09:53:06] Total 8250 files processed
[INFO]-[2022/01/01 09:53:06] Total 8300 files processed
[INFO]-[2022/01/01 09:53:06] Total 8350 files processed
[INFO]-[2022/01/01 09:53:06] Total 8400 files processed
[INFO]-[2022/01/01 09:53:06] Total 8450 files processed
[INFO]-[2022/01/01 09:53:06] Total 8500 files processed
[INFO]-[2022/01/01 09:53:07] Total 8550 files processed
[INFO]-[2022/01/01 09:53:07] Total 8600 files processed
[INFO]-[2022/01/01 09:53:07] Total 8650 files processed
[INFO]-[2022/01/01 09:53:07] Total 8700 files processed
[INFO]-[2022/01/01 09:53:07] Total 8750 files processed
[INFO]-[2022/01/01 09:53:07] Total 8800 files processed
[INFO]-[2022/01/01 09:53:08] Total 8850 files processed
[INFO]-[2022/01/01 09:53:08] Total 8900 files processed
[INFO]-[2022/01/01 09:53:08] Total 8950 files processed
[INFO]-[2022/01/01 09:53:08] Total 9000 files processed
[INFO]-[2022/01/01 09:53:08] Total 9050 files processed
[INFO]-[2022/01/01 09:53:08] Total 9100 files processed
[INFO]-[2022/01/01 09:53:08] Total 9150 files processed
[INFO]-[2022/01/01 09:53:08] Total 9200 files processed
[INFO]-[2022/01/01 09:53:09] Total 9250 files processed
[INFO]-[2022/01/01 09:53:09] Total 9300 files processed
[INFO]-[2022/01/01 09:53:09] Total 9350 files processed
[INFO]-[2022/01/01 09:53:09] Total 9400 files processed
[INFO]-[2022/01/01 09:53:09] Total 9450 files processed
[INFO]-[2022/01/01 09:53:09] Total 9500 files processed
[INFO]-[2022/01/01 09:53:09] Total 9550 files processed
[INFO]-[2022/01/01 09:53:10] Total 9600 files processed
[INFO]-[2022/01/01 09:53:10] Total 9650 files processed
[INFO]-[2022/01/01 09:53:10] Total 9700 files processed
[INFO]-[2022/01/01 09:53:10] Total 9750 files processed
[INFO]-[2022/01/01 09:53:10] Total 9800 files processed
[INFO]-[2022/01/01 09:53:10] Total 9850 files processed
[INFO]-[2022/01/01 09:53:10] Total 9900 files processed
[INFO]-[2022/01/01 09:53:11] Total 9950 files processed
[INFO]-[2022/01/01 09:53:11] Total 10000 files processed
[INFO]-[2022/01/01 09:53:11] Skipped symlinking Wp Uploads Folder
[INFO]-[2022/01/01 09:53:11] Copying files finished
[INFO]-[2022/01/01 09:53:11] DB Data Step 0: Copy wp-config.php file
[INFO]-[2022/01/01 09:53:11] DB Data Step 0: Skipping: wp-config.php already exists in /Users/keashynnaidoo/Local Sites/cp3402assignment2group11/app/public/blissfulbites-st/wp-config.php
[INFO]-[2022/01/01 09:53:11] DB Data Step 1: Updating siteurl and homeurl in wpstg0_options to http://cp3402assignment2group11.local/blissfulbites-st
[INFO]-[2022/01/01 09:53:11] DB Data Step 3: Updating db prefix in wpstg0_usermeta.
[INFO]-[2022/01/01 09:53:11] DB Data Step 4: Updating table_prefix in /Users/keashynnaidoo/Local Sites/cp3402assignment2group11/app/public/blissfulbites-st/wp-config.php to wpstg0_
[INFO]-[2022/01/01 09:53:11] DB Data Step 5: WP installation is not in a subdirectory! Skipping this step
[INFO]-[2022/01/01 09:53:11] DB Data Step 6: Updating db prefix in wpstg0_options.
[INFO]-[2022/01/01 09:53:11] DB Data Step 7: Updating constants in wp-config.php
[INFO]-[2022/01/01 09:53:11] DB Data Step 7: Added:UPLOADS
[INFO]-[2022/01/01 09:53:11] DB Data Step 7: Added:WP_PLUGIN_DIR
[INFO]-[2022/01/01 09:53:11] DB Data Step 7: Added:WP_PLUGIN_URL
[INFO]-[2022/01/01 09:53:11] DB Data Step 7: Added:WP_LANG_DIR
[INFO]-[2022/01/01 09:53:11] DB Data Step 7: Added:WP_HOME
[INFO]-[2022/01/01 09:53:11] DB Data Step 7: Added:WP_SITEURL
[INFO]-[2022/01/01 09:53:11] DB Data Step 7: Added:WP_CACHE
[INFO]-[2022/01/01 09:53:11] DB Data Step 7: Added:WP_ENVIRONMENT_TYPE
[INFO]-[2022/01/01 09:53:11] DB Data Step 7: Skipping: WP_ALLOW_MULTISITE not defined in wp-config.php.
[INFO]-[2022/01/01 09:53:11] DB Data Step 7: Skipping: MULTISITE not defined in wp-config.php.
[INFO]-[2022/01/01 09:53:12] Finish: Deleting clone job's cache files...
[INFO]-[2022/01/01 09:53:12] Finish: Clone job's cache files have been deleted!
[INFO]-[2022/01/01 09:53:12] Finish: Verifying existing clones...
[INFO]-[2022/01/01 09:53:12] Finish: The job finished!
